[25/Jan/2022:19:11:41] (I): WordPress Instance Info:
[25/Jan/2022:19:11:41] (I): Home URL : http://localhost
[25/Jan/2022:19:11:41] (I): Site URL : http://localhost
[25/Jan/2022:19:11:41] (I): WordPress Version : 5.8.3
[25/Jan/2022:19:11:41] (I): Onboarding Version : 1.1.20
[25/Jan/2022:19:11:41] (I): Multisite : No
[25/Jan/2022:19:11:41] (I): Server Info : nginx/1.18.0
[25/Jan/2022:19:11:41] (I): PHP Version : 7.4.27
[25/Jan/2022:19:11:41] (I): HTTPS : No
[25/Jan/2022:19:11:41] (I): PHP Max Execution Time : 30
[25/Jan/2022:19:11:41] (I): PHP Max Input Vars : 1000
[25/Jan/2022:19:11:41] (I): Max Upload Size : 2097152
[25/Jan/2022:19:11:41] (I): Plugins:
[25/Jan/2022:19:11:41] (I): [PLUGIN] Contact Form 7 : v5.5.4 (Takayuki Miyoshi)
[25/Jan/2022:19:11:41] (I): [PLUGIN] Templates Patterns Collection : v1.1.20 (ThemeIsle)
[25/Jan/2022:19:11:41] (I): [PLUGIN] WooCommerce : v6.1.1 (Automattic)
[25/Jan/2022:19:11:41] (I): [PLUGIN] WPForms Lite : v1.7.2 (WPForms)
[25/Jan/2022:19:11:41] (P): Saving remote XML
[25/Jan/2022:19:11:41] (S): Saved remote XML at path /home/arthur/Desktop/Dev/WORDPRESS/tinseau/wp-content/uploads/themeisle-demo-import.xml.
[25/Jan/2022:19:11:41] (P): Starting content import...
[25/Jan/2022:19:11:41] (S): Import started.
[25/Jan/2022:19:11:41] (S): Parsing XML file.
[25/Jan/2022:19:11:41] (P): Starting parsing file:/home/arthur/Desktop/Dev/WORDPRESS/tinseau/wp-content/uploads/themeisle-demo-import.xml
[25/Jan/2022:19:11:41] (P): Using WXR_Parser_SimpleXML...
[25/Jan/2022:19:11:41] (S): Parsed XML
[25/Jan/2022:19:11:41] (P): Processing categories...
[25/Jan/2022:19:11:41] (S): Processed categories.
[25/Jan/2022:19:11:41] (P): Processing tags...
[25/Jan/2022:19:11:41] (S): Processed tags.
[25/Jan/2022:19:11:41] (P): Processing terms...
[25/Jan/2022:19:11:41] (W): Failed to import pa_color Blue
[25/Jan/2022:19:11:41] (E): Taxonomie non valide.
[25/Jan/2022:19:11:41] (W): Failed to import pa_color Gray
[25/Jan/2022:19:11:41] (E): Taxonomie non valide.
[25/Jan/2022:19:11:41] (W): Failed to import pa_color Green
[25/Jan/2022:19:11:41] (E): Taxonomie non valide.
[25/Jan/2022:19:11:41] (W): Failed to import pa_size Large
[25/Jan/2022:19:11:41] (E): Taxonomie non valide.
[25/Jan/2022:19:11:41] (W): Failed to import pa_size Medium
[25/Jan/2022:19:11:41] (E): Taxonomie non valide.
[25/Jan/2022:19:11:41] (W): Failed to import pa_color Red
[25/Jan/2022:19:11:41] (E): Taxonomie non valide.
[25/Jan/2022:19:11:41] (W): Failed to import pa_size Small
[25/Jan/2022:19:11:41] (E): Taxonomie non valide.
[25/Jan/2022:19:11:41] (W): Failed to import pa_color Yellow
[25/Jan/2022:19:11:41] (E): Taxonomie non valide.
[25/Jan/2022:19:11:41] (S): Processed terms.
[25/Jan/2022:19:11:41] (P): Processing posts...
[25/Jan/2022:19:11:41] (P): Processing attachment: https://s33834.pcdn.co/neve-3-gb/wp-content/uploads/sites/643/2021/02/logo.svg...
[25/Jan/2022:19:11:41] (P): Fetching attachment from url: https://s33834.pcdn.co/neve-3-gb/wp-content/uploads/sites/643/2021/02/logo.svg...
[25/Jan/2022:19:11:41] (E): {"errors":{"upload_dir_error":["D\u00e9sol\u00e9, ce type de fichier n\u2019est pas autoris\u00e9 pour des raisons de s\u00e9curit\u00e9."]},"error_data":[]}
[25/Jan/2022:19:11:41] (E): Failed to import Fichier média logo . Désolé, ce type de fichier n’est pas autorisé pour des raisons de sécurité.
[25/Jan/2022:19:11:41] (P): Processing attachment: https://s33834.pcdn.co/neve-3-gb/wp-content/uploads/sites/643/2021/02/logo-neve.svg...
[25/Jan/2022:19:11:41] (P): Fetching attachment from url: https://s33834.pcdn.co/neve-3-gb/wp-content/uploads/sites/643/2021/02/logo-neve.svg...
[25/Jan/2022:19:11:41] (E): {"errors":{"upload_dir_error":["D\u00e9sol\u00e9, ce type de fichier n\u2019est pas autoris\u00e9 pour des raisons de s\u00e9curit\u00e9."]},"error_data":[]}
[25/Jan/2022:19:11:41] (E): Failed to import Fichier média logo-neve . Désolé, ce type de fichier n’est pas autorisé pour des raisons de sécurité.
[25/Jan/2022:19:11:41] (P): Processing attachment: https://s33834.pcdn.co/neve-3-gb/wp-content/uploads/sites/643/2021/10/neve-demo-image-01.png...
[25/Jan/2022:19:11:41] (P): Fetching attachment from url: https://s33834.pcdn.co/neve-3-gb/wp-content/uploads/sites/643/2021/10/neve-demo-image-01.png...
[25/Jan/2022:19:11:42] (S): Fetched remote attachment.
[25/Jan/2022:19:11:42] (P): Inserting attachment...
[25/Jan/2022:19:11:42] (S): Attachment inserted
[25/Jan/2022:19:11:42] (S): Processed attachment.
[25/Jan/2022:19:11:42] (P): Processing attachment: https://s33834.pcdn.co/neve-3-gb/wp-content/uploads/sites/643/2021/10/neve-demo-image-02.png...
[25/Jan/2022:19:11:42] (P): Fetching attachment from url: https://s33834.pcdn.co/neve-3-gb/wp-content/uploads/sites/643/2021/10/neve-demo-image-02.png...
[25/Jan/2022:19:11:42] (S): Fetched remote attachment.
[25/Jan/2022:19:11:42] (P): Inserting attachment...
[25/Jan/2022:19:11:42] (S): Attachment inserted
[25/Jan/2022:19:11:42] (S): Processed attachment.
[25/Jan/2022:19:11:42] (P): Processing attachment: https://s33834.pcdn.co/neve-3-gb/wp-content/uploads/sites/643/2021/10/neve-demo-image-03.png...
[25/Jan/2022:19:11:42] (P): Fetching attachment from url: https://s33834.pcdn.co/neve-3-gb/wp-content/uploads/sites/643/2021/10/neve-demo-image-03.png...
[25/Jan/2022:19:11:42] (S): Fetched remote attachment.
[25/Jan/2022:19:11:42] (P): Inserting attachment...
[25/Jan/2022:19:11:42] (S): Attachment inserted
[25/Jan/2022:19:11:42] (S): Processed attachment.
[25/Jan/2022:19:11:42] (P): Processing attachment: https://s33834.pcdn.co/neve-3-gb/wp-content/uploads/sites/643/2021/10/neve-demo-image-04.png...
[25/Jan/2022:19:11:42] (P): Fetching attachment from url: https://s33834.pcdn.co/neve-3-gb/wp-content/uploads/sites/643/2021/10/neve-demo-image-04.png...
[25/Jan/2022:19:11:42] (S): Fetched remote attachment.
[25/Jan/2022:19:11:42] (P): Inserting attachment...
[25/Jan/2022:19:11:42] (S): Attachment inserted
[25/Jan/2022:19:11:42] (S): Processed attachment.
[25/Jan/2022:19:11:42] (P): Processing attachment: https://s33834.pcdn.co/neve-3-gb/wp-content/uploads/sites/643/2021/10/neve-demo-image-05.png...
[25/Jan/2022:19:11:42] (P): Fetching attachment from url: https://s33834.pcdn.co/neve-3-gb/wp-content/uploads/sites/643/2021/10/neve-demo-image-05.png...
[25/Jan/2022:19:11:42] (S): Fetched remote attachment.
[25/Jan/2022:19:11:42] (P): Inserting attachment...
[25/Jan/2022:19:11:42] (S): Attachment inserted
[25/Jan/2022:19:11:42] (S): Processed attachment.
[25/Jan/2022:19:11:42] (P): Processing attachment: https://s33834.pcdn.co/neve-3-gb/wp-content/uploads/sites/643/2021/10/neve-demo-image-06.png...
[25/Jan/2022:19:11:42] (P): Fetching attachment from url: https://s33834.pcdn.co/neve-3-gb/wp-content/uploads/sites/643/2021/10/neve-demo-image-06.png...
[25/Jan/2022:19:11:42] (S): Fetched remote attachment.
[25/Jan/2022:19:11:42] (P): Inserting attachment...
[25/Jan/2022:19:11:42] (S): Attachment inserted
[25/Jan/2022:19:11:42] (S): Processed attachment.
[25/Jan/2022:19:11:42] (P): Processing attachment: https://s33834.pcdn.co/neve-3-gb/wp-content/uploads/sites/643/2021/10/neve-demo-image-07.png...
[25/Jan/2022:19:11:42] (P): Fetching attachment from url: https://s33834.pcdn.co/neve-3-gb/wp-content/uploads/sites/643/2021/10/neve-demo-image-07.png...
[25/Jan/2022:19:11:43] (S): Fetched remote attachment.
[25/Jan/2022:19:11:43] (P): Inserting attachment...
[25/Jan/2022:19:11:43] (S): Attachment inserted
[25/Jan/2022:19:11:43] (S): Processed attachment.
[25/Jan/2022:19:11:43] (P): Processing attachment: https://s33834.pcdn.co/neve-3-gb/wp-content/uploads/sites/643/2021/10/neve-demo-image-08.png...
[25/Jan/2022:19:11:43] (P): Fetching attachment from url: https://s33834.pcdn.co/neve-3-gb/wp-content/uploads/sites/643/2021/10/neve-demo-image-08.png...
[25/Jan/2022:19:11:43] (S): Fetched remote attachment.
[25/Jan/2022:19:11:43] (P): Inserting attachment...
[25/Jan/2022:19:11:43] (S): Attachment inserted
[25/Jan/2022:19:11:43] (S): Processed attachment.
[25/Jan/2022:19:11:43] (P): Processing attachment: https://s33834.pcdn.co/neve-3-gb/wp-content/uploads/sites/643/2021/10/neve-demo-image-09.png...
[25/Jan/2022:19:11:43] (P): Fetching attachment from url: https://s33834.pcdn.co/neve-3-gb/wp-content/uploads/sites/643/2021/10/neve-demo-image-09.png...
[25/Jan/2022:19:11:43] (S): Fetched remote attachment.
[25/Jan/2022:19:11:43] (P): Inserting attachment...
[25/Jan/2022:19:11:43] (S): Attachment inserted
[25/Jan/2022:19:11:43] (S): Processed attachment.
[25/Jan/2022:19:11:43] (P): Processing attachment: https://s33834.pcdn.co/neve-3-gb/wp-content/uploads/sites/643/2021/10/neve-demo-image-10.png...
[25/Jan/2022:19:11:43] (P): Fetching attachment from url: https://s33834.pcdn.co/neve-3-gb/wp-content/uploads/sites/643/2021/10/neve-demo-image-10.png...
[25/Jan/2022:19:11:43] (S): Fetched remote attachment.
[25/Jan/2022:19:11:43] (P): Inserting attachment...
[25/Jan/2022:19:11:43] (S): Attachment inserted
[25/Jan/2022:19:11:43] (S): Processed attachment.
[25/Jan/2022:19:11:43] (P): Processing attachment: https://s33834.pcdn.co/neve-3-gb/wp-content/uploads/sites/643/2021/10/neve-demo-image-11.png...
[25/Jan/2022:19:11:43] (P): Fetching attachment from url: https://s33834.pcdn.co/neve-3-gb/wp-content/uploads/sites/643/2021/10/neve-demo-image-11.png...
[25/Jan/2022:19:11:43] (S): Fetched remote attachment.
[25/Jan/2022:19:11:43] (P): Inserting attachment...
[25/Jan/2022:19:11:43] (S): Attachment inserted
[25/Jan/2022:19:11:43] (S): Processed attachment.
[25/Jan/2022:19:11:43] (P): Processing attachment: https://s33834.pcdn.co/neve-3-gb/wp-content/uploads/sites/643/2021/10/neve-demo-image-12.png...
[25/Jan/2022:19:11:43] (P): Fetching attachment from url: https://s33834.pcdn.co/neve-3-gb/wp-content/uploads/sites/643/2021/10/neve-demo-image-12.png...
[25/Jan/2022:19:11:43] (S): Fetched remote attachment.
[25/Jan/2022:19:11:43] (P): Inserting attachment...
[25/Jan/2022:19:11:43] (S): Attachment inserted
[25/Jan/2022:19:11:43] (S): Processed attachment.
[25/Jan/2022:19:11:43] (P): Processing attachment: https://s33834.pcdn.co/neve-3-gb/wp-content/uploads/sites/643/2021/10/neve-demo-image-13.png...
[25/Jan/2022:19:11:43] (P): Fetching attachment from url: https://s33834.pcdn.co/neve-3-gb/wp-content/uploads/sites/643/2021/10/neve-demo-image-13.png...
[25/Jan/2022:19:11:43] (S): Fetched remote attachment.
[25/Jan/2022:19:11:43] (P): Inserting attachment...
[25/Jan/2022:19:11:43] (S): Attachment inserted
[25/Jan/2022:19:11:43] (S): Processed attachment.
[25/Jan/2022:19:11:43] (P): Processing attachment: https://s33834.pcdn.co/neve-3-gb/wp-content/uploads/sites/643/2021/10/neve-demo-image-14.png...
[25/Jan/2022:19:11:43] (P): Fetching attachment from url: https://s33834.pcdn.co/neve-3-gb/wp-content/uploads/sites/643/2021/10/neve-demo-image-14.png...
[25/Jan/2022:19:11:44] (S): Fetched remote attachment.
[25/Jan/2022:19:11:44] (P): Inserting attachment...
[25/Jan/2022:19:11:44] (S): Attachment inserted
[25/Jan/2022:19:11:44] (S): Processed attachment.
[25/Jan/2022:19:11:44] (P): Processing attachment: https://s33834.pcdn.co/neve-3-gb/wp-content/uploads/sites/643/2021/10/neve-demo-image-15.png...
[25/Jan/2022:19:11:44] (P): Fetching attachment from url: https://s33834.pcdn.co/neve-3-gb/wp-content/uploads/sites/643/2021/10/neve-demo-image-15.png...
[25/Jan/2022:19:11:44] (S): Fetched remote attachment.
[25/Jan/2022:19:11:44] (P): Inserting attachment...
[25/Jan/2022:19:11:44] (S): Attachment inserted
[25/Jan/2022:19:11:44] (S): Processed attachment.
[25/Jan/2022:19:11:44] (P): Processing attachment: https://s33834.pcdn.co/neve-3-gb/wp-content/uploads/sites/643/2021/10/neve-demo-image-16.png...
[25/Jan/2022:19:11:44] (P): Fetching attachment from url: https://s33834.pcdn.co/neve-3-gb/wp-content/uploads/sites/643/2021/10/neve-demo-image-16.png...
[25/Jan/2022:19:11:44] (S): Fetched remote attachment.
[25/Jan/2022:19:11:44] (P): Inserting attachment...
[25/Jan/2022:19:11:44] (S): Attachment inserted
[25/Jan/2022:19:11:44] (S): Processed attachment.
[25/Jan/2022:19:11:44] (P): Processing attachment: https://s33834.pcdn.co/neve-3-gb/wp-content/uploads/sites/643/2021/10/neve-demo-image-17.png...
[25/Jan/2022:19:11:44] (P): Fetching attachment from url: https://s33834.pcdn.co/neve-3-gb/wp-content/uploads/sites/643/2021/10/neve-demo-image-17.png...
[25/Jan/2022:19:11:44] (S): Fetched remote attachment.
[25/Jan/2022:19:11:44] (P): Inserting attachment...
[25/Jan/2022:19:11:44] (S): Attachment inserted
[25/Jan/2022:19:11:44] (S): Processed attachment.
[25/Jan/2022:19:11:44] (P): Processing attachment: https://s33834.pcdn.co/neve-3-gb/wp-content/uploads/sites/643/2021/10/neve-demo-image-18.png...
[25/Jan/2022:19:11:44] (P): Fetching attachment from url: https://s33834.pcdn.co/neve-3-gb/wp-content/uploads/sites/643/2021/10/neve-demo-image-18.png...
[25/Jan/2022:19:11:44] (S): Fetched remote attachment.
[25/Jan/2022:19:11:44] (P): Inserting attachment...
[25/Jan/2022:19:11:44] (S): Attachment inserted
[25/Jan/2022:19:11:44] (S): Processed attachment.
[25/Jan/2022:19:11:44] (P): Processing attachment: https://s33834.pcdn.co/neve-3-gb/wp-content/uploads/sites/643/2021/10/neve-demo-image-19.png...
[25/Jan/2022:19:11:44] (P): Fetching attachment from url: https://s33834.pcdn.co/neve-3-gb/wp-content/uploads/sites/643/2021/10/neve-demo-image-19.png...
[25/Jan/2022:19:11:44] (S): Fetched remote attachment.
[25/Jan/2022:19:11:44] (P): Inserting attachment...
[25/Jan/2022:19:11:44] (S): Attachment inserted
[25/Jan/2022:19:11:44] (S): Processed attachment.
[25/Jan/2022:19:11:44] (P): Processing attachment: https://s33834.pcdn.co/neve-3-gb/wp-content/uploads/sites/643/2021/10/neve-demo-image-20.png...
[25/Jan/2022:19:11:44] (P): Fetching attachment from url: https://s33834.pcdn.co/neve-3-gb/wp-content/uploads/sites/643/2021/10/neve-demo-image-20.png...
[25/Jan/2022:19:11:44] (S): Fetched remote attachment.
[25/Jan/2022:19:11:44] (P): Inserting attachment...
[25/Jan/2022:19:11:44] (S): Attachment inserted
[25/Jan/2022:19:11:44] (S): Processed attachment.
[25/Jan/2022:19:11:44] (P): Processing attachment: https://s33834.pcdn.co/neve-3-gb/wp-content/uploads/sites/643/2021/10/neve-demo-image-21.png...
[25/Jan/2022:19:11:44] (P): Fetching attachment from url: https://s33834.pcdn.co/neve-3-gb/wp-content/uploads/sites/643/2021/10/neve-demo-image-21.png...
[25/Jan/2022:19:11:44] (S): Fetched remote attachment.
[25/Jan/2022:19:11:44] (P): Inserting attachment...
[25/Jan/2022:19:11:44] (S): Attachment inserted
[25/Jan/2022:19:11:44] (S): Processed attachment.
[25/Jan/2022:19:11:44] (P): Processing attachment: https://s33834.pcdn.co/neve-3-gb/wp-content/uploads/sites/643/2021/10/neve-demo-image-22.png...
[25/Jan/2022:19:11:44] (P): Fetching attachment from url: https://s33834.pcdn.co/neve-3-gb/wp-content/uploads/sites/643/2021/10/neve-demo-image-22.png...
[25/Jan/2022:19:11:44] (S): Fetched remote attachment.
[25/Jan/2022:19:11:44] (P): Inserting attachment...
[25/Jan/2022:19:11:44] (S): Attachment inserted
[25/Jan/2022:19:11:44] (S): Processed attachment.
[25/Jan/2022:19:11:44] (P): Processing attachment: https://s33834.pcdn.co/neve-3-gb/wp-content/uploads/sites/643/2021/10/neve-demo-image-23.png...
[25/Jan/2022:19:11:44] (P): Fetching attachment from url: https://s33834.pcdn.co/neve-3-gb/wp-content/uploads/sites/643/2021/10/neve-demo-image-23.png...
[25/Jan/2022:19:11:44] (S): Fetched remote attachment.
[25/Jan/2022:19:11:44] (P): Inserting attachment...
[25/Jan/2022:19:11:44] (S): Attachment inserted
[25/Jan/2022:19:11:44] (S): Processed attachment.
[25/Jan/2022:19:11:44] (P): Processing attachment: https://s33834.pcdn.co/neve-3-gb/wp-content/uploads/sites/643/2021/10/neve-demo-image-24.png...
[25/Jan/2022:19:11:44] (P): Fetching attachment from url: https://s33834.pcdn.co/neve-3-gb/wp-content/uploads/sites/643/2021/10/neve-demo-image-24.png...
[25/Jan/2022:19:11:45] (S): Fetched remote attachment.
[25/Jan/2022:19:11:45] (P): Inserting attachment...
[25/Jan/2022:19:11:45] (S): Attachment inserted
[25/Jan/2022:19:11:45] (S): Processed attachment.
[25/Jan/2022:19:11:45] (P): Processing attachment: https://s33834.pcdn.co/neve-3-gb/wp-content/uploads/sites/643/2021/10/neve-demo-image-25.png...
[25/Jan/2022:19:11:45] (P): Fetching attachment from url: https://s33834.pcdn.co/neve-3-gb/wp-content/uploads/sites/643/2021/10/neve-demo-image-25.png...
[25/Jan/2022:19:11:45] (S): Fetched remote attachment.
[25/Jan/2022:19:11:45] (P): Inserting attachment...
[25/Jan/2022:19:11:45] (S): Attachment inserted
[25/Jan/2022:19:11:45] (S): Processed attachment.
[25/Jan/2022:19:11:45] (P): Processing attachment: https://s33834.pcdn.co/neve-3-gb/wp-content/uploads/sites/643/2021/10/neve-demo-image-26.png...
[25/Jan/2022:19:11:45] (P): Fetching attachment from url: https://s33834.pcdn.co/neve-3-gb/wp-content/uploads/sites/643/2021/10/neve-demo-image-26.png...
[25/Jan/2022:19:11:45] (S): Fetched remote attachment.
[25/Jan/2022:19:11:45] (P): Inserting attachment...
[25/Jan/2022:19:11:45] (S): Attachment inserted
[25/Jan/2022:19:11:45] (S): Processed attachment.
[25/Jan/2022:19:11:45] (P): Processing attachment: https://s33834.pcdn.co/neve-3-gb/wp-content/uploads/sites/643/2021/10/neve-demo-image-27.png...
[25/Jan/2022:19:11:45] (P): Fetching attachment from url: https://s33834.pcdn.co/neve-3-gb/wp-content/uploads/sites/643/2021/10/neve-demo-image-27.png...
[25/Jan/2022:19:11:45] (S): Fetched remote attachment.
[25/Jan/2022:19:11:45] (P): Inserting attachment...
[25/Jan/2022:19:11:45] (S): Attachment inserted
[25/Jan/2022:19:11:45] (S): Processed attachment.
[25/Jan/2022:19:11:45] (P): Processing attachment: https://s33834.pcdn.co/neve-3-gb/wp-content/uploads/sites/643/2021/10/neve-alt-03.png...
[25/Jan/2022:19:11:45] (P): Fetching attachment from url: https://s33834.pcdn.co/neve-3-gb/wp-content/uploads/sites/643/2021/10/neve-alt-03.png...
[25/Jan/2022:19:11:45] (S): Fetched remote attachment.
[25/Jan/2022:19:11:45] (P): Inserting attachment...
[25/Jan/2022:19:11:45] (S): Attachment inserted
[25/Jan/2022:19:11:45] (S): Processed attachment.
[25/Jan/2022:19:11:45] (P): Processing attachment: https://s33834.pcdn.co/neve-3-gb/wp-content/uploads/sites/643/2021/10/neve-alt-02.png...
[25/Jan/2022:19:11:45] (P): Fetching attachment from url: https://s33834.pcdn.co/neve-3-gb/wp-content/uploads/sites/643/2021/10/neve-alt-02.png...
[25/Jan/2022:19:11:45] (S): Fetched remote attachment.
[25/Jan/2022:19:11:45] (P): Inserting attachment...
[25/Jan/2022:19:11:45] (S): Attachment inserted
[25/Jan/2022:19:11:45] (S): Processed attachment.
[25/Jan/2022:19:11:45] (P): Processing attachment: https://s33834.pcdn.co/neve-3-gb/wp-content/uploads/sites/643/2021/10/neve-alt-01.png...
[25/Jan/2022:19:11:45] (P): Fetching attachment from url: https://s33834.pcdn.co/neve-3-gb/wp-content/uploads/sites/643/2021/10/neve-alt-01.png...
[25/Jan/2022:19:11:45] (S): Fetched remote attachment.
[25/Jan/2022:19:11:45] (P): Inserting attachment...
[25/Jan/2022:19:11:45] (S): Attachment inserted
[25/Jan/2022:19:11:45] (S): Processed attachment.
[25/Jan/2022:19:11:45] (P): Processing attachment: https://s33834.pcdn.co/neve-3-gb/wp-content/uploads/sites/643/2021/10/neve-demo-image-29.png...
[25/Jan/2022:19:11:45] (P): Fetching attachment from url: https://s33834.pcdn.co/neve-3-gb/wp-content/uploads/sites/643/2021/10/neve-demo-image-29.png...
[25/Jan/2022:19:11:45] (S): Fetched remote attachment.
[25/Jan/2022:19:11:45] (P): Inserting attachment...
[25/Jan/2022:19:11:45] (S): Attachment inserted
[25/Jan/2022:19:11:45] (S): Processed attachment.
[25/Jan/2022:19:11:45] (P): Processing attachment: https://s33834.pcdn.co/neve-3-gb/wp-content/uploads/sites/643/2021/10/neve-demo-image-30.png...
[25/Jan/2022:19:11:45] (P): Fetching attachment from url: https://s33834.pcdn.co/neve-3-gb/wp-content/uploads/sites/643/2021/10/neve-demo-image-30.png...
[25/Jan/2022:19:11:45] (S): Fetched remote attachment.
[25/Jan/2022:19:11:45] (P): Inserting attachment...
[25/Jan/2022:19:11:45] (S): Attachment inserted
[25/Jan/2022:19:11:45] (S): Processed attachment.
[25/Jan/2022:19:11:45] (P): Processing attachment: https://s33834.pcdn.co/neve-3-gb/wp-content/uploads/sites/643/2021/10/neve-demo-image-31.png...
[25/Jan/2022:19:11:45] (P): Fetching attachment from url: https://s33834.pcdn.co/neve-3-gb/wp-content/uploads/sites/643/2021/10/neve-demo-image-31.png...
[25/Jan/2022:19:11:45] (S): Fetched remote attachment.
[25/Jan/2022:19:11:45] (P): Inserting attachment...
[25/Jan/2022:19:11:45] (S): Attachment inserted
[25/Jan/2022:19:11:45] (S): Processed attachment.
[25/Jan/2022:19:11:45] (P): Processing attachment: https://s33834.pcdn.co/neve-3-gb/wp-content/uploads/sites/643/2021/10/neve-demo-image-32.png...
[25/Jan/2022:19:11:45] (P): Fetching attachment from url: https://s33834.pcdn.co/neve-3-gb/wp-content/uploads/sites/643/2021/10/neve-demo-image-32.png...
[25/Jan/2022:19:11:46] (S): Fetched remote attachment.
[25/Jan/2022:19:11:46] (P): Inserting attachment...
[25/Jan/2022:19:11:46] (S): Attachment inserted
[25/Jan/2022:19:11:46] (S): Processed attachment.
[25/Jan/2022:19:11:46] (P): Processing attachment: https://s33834.pcdn.co/neve-3-gb/wp-content/uploads/sites/643/2021/10/neve-demo-image-33.png...
[25/Jan/2022:19:11:46] (P): Fetching attachment from url: https://s33834.pcdn.co/neve-3-gb/wp-content/uploads/sites/643/2021/10/neve-demo-image-33.png...
[25/Jan/2022:19:11:46] (S): Fetched remote attachment.
[25/Jan/2022:19:11:46] (P): Inserting attachment...
[25/Jan/2022:19:11:46] (S): Attachment inserted
[25/Jan/2022:19:11:46] (S): Processed attachment.
[25/Jan/2022:19:11:46] (P): Processing attachment: https://s33834.pcdn.co/neve-3-gb/wp-content/uploads/sites/643/2021/10/neve-demo-image-28.png...
[25/Jan/2022:19:11:46] (P): Fetching attachment from url: https://s33834.pcdn.co/neve-3-gb/wp-content/uploads/sites/643/2021/10/neve-demo-image-28.png...
[25/Jan/2022:19:11:46] (S): Fetched remote attachment.
[25/Jan/2022:19:11:46] (P): Inserting attachment...
[25/Jan/2022:19:11:46] (S): Attachment inserted
[25/Jan/2022:19:11:46] (S): Processed attachment.
[25/Jan/2022:19:11:46] (P): Processing attachment: https://s33834.pcdn.co/neve-3-gb/wp-content/uploads/sites/643/2021/10/map-2.png...
[25/Jan/2022:19:11:46] (P): Fetching attachment from url: https://s33834.pcdn.co/neve-3-gb/wp-content/uploads/sites/643/2021/10/map-2.png...
[25/Jan/2022:19:11:46] (S): Fetched remote attachment.
[25/Jan/2022:19:11:46] (P): Inserting attachment...
[25/Jan/2022:19:11:46] (S): Attachment inserted
[25/Jan/2022:19:11:46] (S): Processed attachment.
[25/Jan/2022:19:11:46] (P): Processing attachment: https://s33834.pcdn.co/neve-3-gb/wp-content/uploads/sites/643/2021/10/neve-demo-image-34.png...
[25/Jan/2022:19:11:46] (P): Fetching attachment from url: https://s33834.pcdn.co/neve-3-gb/wp-content/uploads/sites/643/2021/10/neve-demo-image-34.png...
[25/Jan/2022:19:11:46] (S): Fetched remote attachment.
[25/Jan/2022:19:11:46] (P): Inserting attachment...
[25/Jan/2022:19:11:46] (S): Attachment inserted
[25/Jan/2022:19:11:46] (S): Processed attachment.
[25/Jan/2022:19:11:46] (P): Processing single menu item ' Home '...
[25/Jan/2022:19:11:47] (S): Processed single menu item.
[25/Jan/2022:19:11:47] (P): Processing single menu item ' '...
[25/Jan/2022:19:11:47] (P): Processing single menu item ' Blog '...
[25/Jan/2022:19:11:47] (P): Inserting custom_css: neve .
[25/Jan/2022:19:11:47] (S): Done inserting custom_css: neve .
[25/Jan/2022:19:11:47] (P): Processing single menu item ' '...
[25/Jan/2022:19:11:47] (P): Processing single menu item ' '...
[25/Jan/2022:19:11:47] (P): Processing single menu item ' '...
[25/Jan/2022:19:11:47] (P): Processing attachment: https://s33834.pcdn.co/neve-3-gb/wp-content/uploads/sites/643/2021/10/neve-demo-image-35.png...
[25/Jan/2022:19:11:47] (P): Fetching attachment from url: https://s33834.pcdn.co/neve-3-gb/wp-content/uploads/sites/643/2021/10/neve-demo-image-35.png...
[25/Jan/2022:19:11:47] (S): Fetched remote attachment.
[25/Jan/2022:19:11:47] (P): Inserting attachment...
[25/Jan/2022:19:11:47] (S): Attachment inserted
[25/Jan/2022:19:11:47] (S): Processed attachment.
[25/Jan/2022:19:11:47] (P): Processing attachment: https://s33834.pcdn.co/neve-3-gb/wp-content/uploads/sites/643/2021/10/neve-demo-image-36.png...
[25/Jan/2022:19:11:47] (P): Fetching attachment from url: https://s33834.pcdn.co/neve-3-gb/wp-content/uploads/sites/643/2021/10/neve-demo-image-36.png...
[25/Jan/2022:19:11:47] (S): Fetched remote attachment.
[25/Jan/2022:19:11:47] (P): Inserting attachment...
[25/Jan/2022:19:11:47] (S): Attachment inserted
[25/Jan/2022:19:11:47] (S): Processed attachment.
[25/Jan/2022:19:11:47] (P): Processing attachment: https://s33834.pcdn.co/neve-3-gb/wp-content/uploads/sites/643/2021/10/neve-demo-image-37.png...
[25/Jan/2022:19:11:47] (P): Fetching attachment from url: https://s33834.pcdn.co/neve-3-gb/wp-content/uploads/sites/643/2021/10/neve-demo-image-37.png...
[25/Jan/2022:19:11:47] (S): Fetched remote attachment.
[25/Jan/2022:19:11:47] (P): Inserting attachment...
[25/Jan/2022:19:11:47] (S): Attachment inserted
[25/Jan/2022:19:11:47] (S): Processed attachment.
[25/Jan/2022:19:11:47] (P): Processing attachment: https://s33834.pcdn.co/neve-3-gb/wp-content/uploads/sites/643/2021/10/neve-demo-image-38.png...
[25/Jan/2022:19:11:47] (P): Fetching attachment from url: https://s33834.pcdn.co/neve-3-gb/wp-content/uploads/sites/643/2021/10/neve-demo-image-38.png...
[25/Jan/2022:19:11:47] (S): Fetched remote attachment.
[25/Jan/2022:19:11:47] (P): Inserting attachment...
[25/Jan/2022:19:11:47] (S): Attachment inserted
[25/Jan/2022:19:11:47] (S): Processed attachment.
[25/Jan/2022:19:11:47] (P): Processing attachment: https://s33834.pcdn.co/neve-3-gb/wp-content/uploads/sites/643/2021/10/neve-demo-image-39.png...
[25/Jan/2022:19:11:47] (P): Fetching attachment from url: https://s33834.pcdn.co/neve-3-gb/wp-content/uploads/sites/643/2021/10/neve-demo-image-39.png...
[25/Jan/2022:19:11:47] (S): Fetched remote attachment.
[25/Jan/2022:19:11:47] (P): Inserting attachment...
[25/Jan/2022:19:11:47] (S): Attachment inserted
[25/Jan/2022:19:11:47] (S): Processed attachment.
[25/Jan/2022:19:11:47] (P): Processing attachment: https://s33834.pcdn.co/neve-3-gb/wp-content/uploads/sites/643/2021/10/title-1.png...
[25/Jan/2022:19:11:47] (P): Fetching attachment from url: https://s33834.pcdn.co/neve-3-gb/wp-content/uploads/sites/643/2021/10/title-1.png...
[25/Jan/2022:19:11:47] (S): Fetched remote attachment.
[25/Jan/2022:19:11:47] (P): Inserting attachment...
[25/Jan/2022:19:11:47] (S): Attachment inserted
[25/Jan/2022:19:11:47] (S): Processed attachment.
[25/Jan/2022:19:11:47] (P): Processing attachment: https://s33834.pcdn.co/neve-3-gb/wp-content/uploads/sites/643/2021/10/title-5.png...
[25/Jan/2022:19:11:47] (P): Fetching attachment from url: https://s33834.pcdn.co/neve-3-gb/wp-content/uploads/sites/643/2021/10/title-5.png...
[25/Jan/2022:19:11:47] (S): Fetched remote attachment.
[25/Jan/2022:19:11:47] (P): Inserting attachment...
[25/Jan/2022:19:11:47] (S): Attachment inserted
[25/Jan/2022:19:11:47] (S): Processed attachment.
[25/Jan/2022:19:11:47] (P): Processing attachment: https://s33834.pcdn.co/neve-3-gb/wp-content/uploads/sites/643/2021/10/title-6.png...
[25/Jan/2022:19:11:47] (P): Fetching attachment from url: https://s33834.pcdn.co/neve-3-gb/wp-content/uploads/sites/643/2021/10/title-6.png...
[25/Jan/2022:19:11:47] (S): Fetched remote attachment.
[25/Jan/2022:19:11:47] (P): Inserting attachment...
[25/Jan/2022:19:11:47] (S): Attachment inserted
[25/Jan/2022:19:11:47] (S): Processed attachment.
[25/Jan/2022:19:11:47] (P): Processing attachment: https://s33834.pcdn.co/neve-3-gb/wp-content/uploads/sites/643/2021/10/title-7.png...
[25/Jan/2022:19:11:47] (P): Fetching attachment from url: https://s33834.pcdn.co/neve-3-gb/wp-content/uploads/sites/643/2021/10/title-7.png...
[25/Jan/2022:19:11:47] (S): Fetched remote attachment.
[25/Jan/2022:19:11:47] (P): Inserting attachment...
[25/Jan/2022:19:11:47] (S): Attachment inserted
[25/Jan/2022:19:11:47] (S): Processed attachment.
[25/Jan/2022:19:11:47] (P): Processing single menu item ' '...
[25/Jan/2022:19:11:47] (P): Processing single menu item ' Blog '...
[25/Jan/2022:19:11:47] (P): Processing single menu item ' '...
[25/Jan/2022:19:11:47] (P): Processing single menu item ' '...
[25/Jan/2022:19:11:47] (P): Inserting post: Efficiency in design systems. 5 tips for better design governance .
[25/Jan/2022:19:11:47] (S): Done inserting post: Efficiency in design systems. 5 tips for better design governance .
[25/Jan/2022:19:11:47] (P): Inserting page: Typography .
[25/Jan/2022:19:11:47] (S): Done inserting page: Typography .
[25/Jan/2022:19:11:47] (P): Inserting page: Blog Archive .
[25/Jan/2022:19:11:47] (S): Done inserting page: Blog Archive .
[25/Jan/2022:19:11:47] (P): Inserting page: Homepage .
[25/Jan/2022:19:11:47] (S): Done inserting page: Homepage .
[25/Jan/2022:19:11:48] (P): Inserting post: Taking the stress out of the development process .
[25/Jan/2022:19:11:48] (S): Done inserting post: Taking the stress out of the development process .
[25/Jan/2022:19:11:48] (P): Inserting post: Cracking the interface code .
[25/Jan/2022:19:11:48] (S): Done inserting post: Cracking the interface code .
[25/Jan/2022:19:11:48] (P): Inserting post: Daily design algorithms for a better workflow .
[25/Jan/2022:19:11:48] (S): Done inserting post: Daily design algorithms for a better workflow .
[25/Jan/2022:19:11:48] (P): Inserting page: Patterns .
[25/Jan/2022:19:11:48] (S): Done inserting page: Patterns .
[25/Jan/2022:19:11:48] (P): Inserting post: Layout perspectives in Gutenberg. Keeping it simple .
[25/Jan/2022:19:11:48] (S): Done inserting post: Layout perspectives in Gutenberg. Keeping it simple .
[25/Jan/2022:19:11:48] (P): Inserting post: Global design components in modern web layouts .
[25/Jan/2022:19:11:48] (S): Done inserting post: Global design components in modern web layouts .
[25/Jan/2022:19:11:48] (P): Inserting page: Galleries .
[25/Jan/2022:19:11:48] (S): Done inserting page: Galleries .
[25/Jan/2022:19:11:48] (P): Inserting page: About .
[25/Jan/2022:19:11:48] (S): Done inserting page: About .
[25/Jan/2022:19:11:48] (P): Inserting page: Contact .
[25/Jan/2022:19:11:48] (S): Done inserting page: Contact .
[25/Jan/2022:19:11:48] (P): Processing single menu item ' '...
[25/Jan/2022:19:11:48] (S): Processed single menu item.
[25/Jan/2022:19:11:48] (P): Inserting page: Home Alt .
[25/Jan/2022:19:11:48] (S): Done inserting page: Home Alt .
[25/Jan/2022:19:11:48] (P): Processing single menu item ' '...
[25/Jan/2022:19:11:48] (S): Processed single menu item.
[25/Jan/2022:19:11:48] (S): Processed posts.
[25/Jan/2022:19:11:48] (P): Processing single menu item ' '...
[25/Jan/2022:19:11:48] (S): Processed single menu item.
[25/Jan/2022:19:11:48] (P): Processing single menu item ' Blog '...
[25/Jan/2022:19:11:48] (S): Processed single menu item.
[25/Jan/2022:19:11:48] (P): Processing single menu item ' '...
[25/Jan/2022:19:11:48] (S): Processed single menu item.
[25/Jan/2022:19:11:48] (P): Processing single menu item ' '...
[25/Jan/2022:19:11:48] (S): Processed single menu item.
[25/Jan/2022:19:11:48] (P): Processing single menu item ' '...
[25/Jan/2022:19:11:48] (S): Processed single menu item.
[25/Jan/2022:19:11:48] (P): Processing single menu item ' '...
[25/Jan/2022:19:11:48] (S): Processed single menu item.
[25/Jan/2022:19:11:48] (P): Processing single menu item ' Blog '...
[25/Jan/2022:19:11:48] (S): Processed single menu item.
[25/Jan/2022:19:11:48] (P): Processing single menu item ' '...
[25/Jan/2022:19:11:48] (S): Processed single menu item.
[25/Jan/2022:19:11:48] (P): Processing single menu item ' '...
[25/Jan/2022:19:11:48] (S): Processed single menu item.
[25/Jan/2022:19:11:48] (P): Cleaning up import with id ...
[25/Jan/2022:19:11:48] (P): Done cleanup. Flushing cache...
[25/Jan/2022:19:11:48] (P): Flushed cache. Removing temporary data..
[25/Jan/2022:19:11:48] (S): Done importing
[25/Jan/2022:19:11:48] (P): Busting elementor cache
[25/Jan/2022:19:11:48] (S): Front page set up with id: 46.
